[36mvite v7.3.1 [32mbuilding client environment for production...[36m[39m
transforming...
[32m✓[39m 48 modules transformed.
node.exe : [31m✗[39m 
Build failed in 1.27s
At line:1 char:1
+ & "C:\Program Files\n
odejs/node.exe" "C:\Pro
gram Files\nodejs/node_
mo ...
+ ~~~~~~~~~~~~~~~~~~~~~
~~~~~~~~~~~~~~~~~~~~~~~
~~~~~~~~~~~~~~~~~~~~~~~
~~
    + CategoryInfo     
         : NotSpecifi  
  ed: ([31m✗[39m B   
 uild failed in 1.2    
7s:String) [], Rem    o
teException
    + FullyQualifiedEr 
   rorId : NativeComm  
  andError
 
[31merror during build
:
[31mCould not resolve 
"../components/ChannelS
earchCard" from "src/pa
ges/Home.jsx"[31m
file: [36mC:/Users/aka
ia/Desktop/GitHUB/uTube
/frontend/src/pages/Hom
e.jsx[31m
    at getRollupError (
file:///C:/Users/akaia/
Desktop/GitHUB/uTube/fr
ontend/node_modules/rol
lup/dist/es/shared/pars
eAst.js:402:41)
    at error (file:///C
:/Users/akaia/Desktop/G
itHUB/uTube/frontend/no
de_modules/rollup/dist/
es/shared/parseAst.js:3
98:42)
    at ModuleLoader.han
dleInvalidResolvedId (f
ile:///C:/Users/akaia/D
esktop/GitHUB/uTube/fro
ntend/node_modules/roll
up/dist/es/shared/node-
entry.js:21687:24)
    at file:///C:/Users
/akaia/Desktop/GitHUB/u
Tube/frontend/node_modu
les/rollup/dist/es/shar
ed/node-entry.js:21647:
26[39m
